-------------------------------------------
Batch: 0
-------------------------------------------
+------+----+----+------+
|window|zone|view|unique|
+------+----+----+------+
+------+----+----+------+

-------------------------------------------
Batch: 1
-------------------------------------------
+------------------------------------------+------+----+------+
|window                                    |zone  |view|unique|
+------------------------------------------+------+----+------+
|[2018-04-01 15:20:55, 2018-04-01 15:20:57]|ru    |14  |14    |
|[2018-04-01 15:20:55, 2018-04-01 15:20:57]|not ru|5   |5     |
|[2018-04-01 15:20:56, 2018-04-01 15:20:58]|ru    |37  |36    |
|[2018-04-01 15:20:56, 2018-04-01 15:20:58]|not ru|13  |12    |
|[2018-04-01 15:20:57, 2018-04-01 15:20:59]|ru    |23  |21    |
|[2018-04-01 15:20:57, 2018-04-01 15:20:59]|not ru|8   |7     |
+------------------------------------------+------+----+------+

-------------------------------------------
Batch: 2
-------------------------------------------
+------------------------------------------+------+----+------+
|window                                    |zone  |view|unique|
+------------------------------------------+------+----+------+
|[2018-04-01 15:20:55, 2018-04-01 15:20:57]|ru    |14  |14    |
|[2018-04-01 15:20:55, 2018-04-01 15:20:57]|not ru|5   |5     |
|[2018-04-01 15:20:56, 2018-04-01 15:20:58]|ru    |72  |71    |
|[2018-04-01 15:20:56, 2018-04-01 15:20:58]|not ru|28  |28    |
|[2018-04-01 15:20:57, 2018-04-01 15:20:59]|ru    |58  |57    |
|[2018-04-01 15:20:57, 2018-04-01 15:20:59]|not ru|23  |22    |
+------------------------------------------+------+----+------+

-------------------------------------------
Batch: 3
-------------------------------------------
+------------------------------------------+------+----+------+
|window                                    |zone  |view|unique|
+------------------------------------------+------+----+------+
|[2018-04-01 15:20:55, 2018-04-01 15:20:57]|ru    |14  |14    |
|[2018-04-01 15:20:55, 2018-04-01 15:20:57]|not ru|5   |5     |
|[2018-04-01 15:20:56, 2018-04-01 15:20:58]|ru    |107 |104   |
|[2018-04-01 15:20:56, 2018-04-01 15:20:58]|not ru|42  |39    |
|[2018-04-01 15:20:57, 2018-04-01 15:20:59]|ru    |94  |93    |
|[2018-04-01 15:20:57, 2018-04-01 15:20:59]|not ru|37  |34    |
|[2018-04-01 15:20:58, 2018-04-01 15:21:00]|ru    |1   |1     |
+------------------------------------------+------+----+------+
