-------------------------------------------
Batch: 0
-------------------------------------------
+------+----+------+
|domain|view|unique|
+------+----+------+
+------+----+------+

-------------------------------------------
Batch: 1
-------------------------------------------
+------------------+----+------+
|domain            |view|unique|
+------------------+----+------+
|news.rambler.ru   |3   |3     |
|www.yaplakal.com  |2   |2     |
|www.mk.ru         |2   |2     |
|tvzvezda.ru       |1   |1     |
|rg.ru             |1   |1     |
|www.sportmaster.ru|1   |1     |
|www.passion.ru    |1   |1     |
|5freddy.ru        |1   |1     |
|www.championat.com|1   |1     |
|mirtesen.hello.ru |1   |1     |
+------------------+----+------+

-------------------------------------------
Batch: 2
-------------------------------------------
+----------------+----+------+
|domain          |view|unique|
+----------------+----+------+
|www.yaplakal.com|5   |5     |
|www.coins-spb.ru|4   |1     |
|news.rambler.ru |4   |4     |
|m.lenta.ru      |3   |3     |
|woman.rambler.ru|2   |2     |
|www.mk.ru       |2   |2     |
|quiz.rambler.ru |2   |2     |
|rutube.ru       |2   |2     |
|astro7.ru       |2   |1     |
|www.drive.ru    |2   |2     |
+----------------+----+------+

-------------------------------------------
Batch: 3
-------------------------------------------
+-----------------+----+------+
|domain           |view|unique|
+-----------------+----+------+
|news.rambler.ru  |8   |7     |
|www.coins-spb.ru |6   |1     |
|www.yaplakal.com |5   |5     |
|rutube.ru        |4   |4     |
|m.lenta.ru       |3   |3     |
|www.mk.ru        |3   |3     |
|torrent-games.net|2   |2     |
|woman.rambler.ru |2   |2     |
|superpuper.ru    |2   |2     |
|www.vesti.ru     |2   |2     |
+-----------------+----+------+
