a5b4783a0280f4742e,89d9333d02bf3a19e4,6aa49081027033ff70,06b1f7be0260e87512,e1667bab02e143c7e4	
e22ba36e022ba06812,6b7b992402e427b666,e4c1991402498080d7,8d453de702ecc6ac2c,5b6a8dcf021ea90637	
2b5fa59a02253a8639,584ef30001bc3e52f2,7e28f6540234927008,e83e13e702a29d73b3,4992cfb701403a4d15	
0090f6bd023bdc0c40,9531e8a6022f1011ce,e342ed04021a7acdc0,9fc357f9011efb0dba,6aa522f902879a9d94	
ce7a41570161bbd9d7,e38a693302bb213f5f,2a42947e01585a67a0,485c7b7e020d582ac6	
90276c5d02915c4ad4	
7a4c70ea025b0b1cf9,024cf92f01e0326bdf,b7ddd57e026338d78c,2bcf955e014fc3db23,59caefae011fb2bd6b	
25674ba101acdf1ced,c7b3f684028faa1aaa,1f1da2ee010e38b1cb,4e39b55702e9dd4358,26c41ce101b6875a4c	
e88c04e401c399b30c,0dc52bc20134ccbcc8,46d4398c022b135b49,d06745d1027d8f9f5c,c54d282b0185bb45d4	
3afd00b101c26cae3c,9145ea6801ad2c0bc6,2bf20bef019ecfff23,1dd669ec02e247e7dd,6563a81701c972b1ff	
4c0af4a802fb8f0d24	
decb43ed01de7a3a71	
b9eba31b01dfe2c61e,3a9027ba0282bced76,42b4cb9e01a5d7b7c7,191e4d7002c2140563,5ce123480234d2b389	
0ae1dd42029551675f,a8a8989001bc8b711a,2dccb5e402f1dd9df2,71fcdc1102f6f2970f,a7b66bd0016390747e	
cd4d726e012f5b5dbe,f19c9f630210204723,9739bf7d02414c964f	
c76268bd01d7351e7b	
d0978177018b38882c,f418777e01d96c8b7b,d6ef44f501d45d7a5c,ed3a84cb028a6e0961,a511ce9402f8370471	
a9fd52eb01ca43020b,3a78352f0163e58cf9,7c2963d50264a7b8f4,0307cb94024c8814be,be29efb802ef8bd81a	
f3b8079f02e22edc5b,0c359ef602c6b879b4,0c08d66202a6a084fc	
67994eff015ebaadaf,d839b56802e6f5bdfe	
e8b9e57d01d8e05469,5bf024d202e4dc0fdd,2737e7170233d94c8c,bbe5f625012f78e26f,acc32fd901baac0721	
26bb336701f912fccc,748dd1b40130fa981a,9bed3d4c02f16708d5,a6baacce014cb4b529,127a734801161eb970	
ab046ccd02ceeefd90	
6a935e5a0137530d12	
78a298df0126ff9d21,3c03357501c26079e6,7387bc8f016acf5da1,1641519402d0157614,ab078308028d2c7d89	
fb8f874902dc72443d,993acd4802830753eb,b5e70b15020d30546d,4e36944e022a0c72c9,be7fb659012524e4d0	
f38ae4fc02d5a995b1,2bccf65101630dbc99,6dfb69040292d3a1cc,8d3e5a0e02385266f6,c68875ac01bac510ba	
45b02b8d0250b1161a,b8804d1602f2be5914,86684001016f8addd2,125c7d0d029273ada7,807d37e401ab7283ae	
717eef2d0277a10124,d5732a9701b25aa7c0	
25caf42d01c5278ef0,e3699d9801fda30ec3,449a44b0026f79caf6,9623cca102168f35c1,5a5aa39c024c899951	
4fc6113b014870ed82,94bf1c5c01c9a0f428,6574b0d002470aa1e1	
8abe68ff02ee31ca03	
8d3dbb3702903c8cf1,1c578ec70227722ca4,dc55695e01f1e2aa4e,f3e3ff7202ca46b1cd,9944b8230121e77823	
0f62e9760115ffa80a	
15491a52012b60df34	
fa54e40c025b721455,6a4fef1802b2e578f0,e659ade7010baa458e,c7f0d9ee0150ef0e26	
2b5e9063022110e7df	
7a78e3c5023a948273,edcaf9250205d49a65,0bf20d5001177d2235,dd6a8ef701c88e2a00,d6c6cd4602c7a271c0	
fd0db32801fcde01c9,966d7d5d01fb85a250,11494be40174cbbcb5,ed5bc2310283f1976f,eea9bc1e022cc3293e	
c1a6197101d0b2e2a2	
ca86498a017207e640,5fa9abaa0291d0420f,cfad8e7801f4037a7a,46c6cbd40268adc6bb,620008970188e0da45	
3bdb1884018e782f88,82a8362402ab5358e2,3b04a2b502e3c434d7,efddbd1701cc20829b,054304750275c6fc25	
386300e4028a9c779d,fe347b390117ade09f,207f14e10126368d88,611959e6019117af44,6cbfc1f80193150bde	
6f596a110229eba385,46587bf8019f016013,82d3b03901279152fa,bcf824e00143763c29,d74e3e4202c2938d92	
a69ca39002c0491a7a,d4561422016d8e54c4,ea7f9906012850e577,7c33e7930246107c01	
0b01bb8d0260b050d2,1fb5432c02533c290a	
c019cb61012db6188d,ef2088350140f2ca1f,4edde809017129ddf9,aca91bdb0189a91965,93b24d0d02ff96108e	
8783c323014bbf969b,027557ac01507f26bf,70c9df6a019c837a45,46765d1102bc30eed0,5b59120d01de14d612	
6fb4276201a2baf0a8	
30cef7e4015b42dc4c	
